Apache Server Status for localhost

Server Version: Apache/2.2.14 (Ubuntu) mod_ssl/2.2.14 OpenSSL/0.9.8k
Server Built: Sep 1 2011 09:52:34

-------------------------------------------------------------------------------

Current Time: Wednesday, 10-Apr-2013 13:45:39 CDT
Restart Time: Thursday, 07-Mar-2013 18:57:36 CST
Parent Server Generation: 37
Server uptime: 33 days 17 hours 48 minutes 3 seconds
Total accesses: 15130077 - Total Traffic: 62.8 GB
CPU Usage: u1798.39 s341.07 cu0 cs0 - .0734% CPU load
5.19 requests/sec - 22.6 kB/second - 4453 B/request
1 requests currently being processed, 74 idle workers

_________________________.......................................
................................................................
_________________________.......................................
................................................................
____________________W____.......................................
................................................................
................................................................
................................................................
................................................................
................................................................
................................................................
................................................................
................................................................
................................................................
................................................................
................................................................

Scoreboard Key:
"_" Waiting for Connection, "S" Starting up, "R" Reading Request,
"W" Sending Reply, "K" Keepalive (read), "D" DNS Lookup,
"C" Closing connection, "L" Logging, "G" Gracefully finishing,
"I" Idle cleanup of worker, "." Open slot with no current process
